{"/home/usman/go/src/github.com/RNSSolution/color-api/src/signature.js": {"path":"/home/usman/go/src/github.com/RNSSolution/color-api/src/signature.js","statementMap":{"0":{"start":{"line":18,"column":14},"end":{"line":21,"column":3}},"1":{"start":{"line":23,"column":2},"end":{"line":32,"column":3}},"2":{"start":{"line":41,"column":2},"end":{"line":49,"column":3}},"3":{"start":{"line":53,"column":2},"end":{"line":55,"column":3}},"4":{"start":{"line":54,"column":4},"end":{"line":54,"column":44}},"5":{"start":{"line":58,"column":2},"end":{"line":60,"column":3}},"6":{"start":{"line":59,"column":4},"end":{"line":59,"column":17}},"7":{"start":{"line":62,"column":17},"end":{"line":62,"column":19}},"8":{"start":{"line":63,"column":2},"end":{"line":69,"column":6}},"9":{"start":{"line":66,"column":6},"end":{"line":66,"column":67}},"10":{"start":{"line":66,"column":61},"end":{"line":66,"column":67}},"11":{"start":{"line":68,"column":6},"end":{"line":68,"column":54}},"12":{"start":{"line":70,"column":2},"end":{"line":70,"column":15}}},"fnMap":{"0":{"name":"createSignMessage","decl":{"start":{"line":13,"column":16},"end":{"line":13,"column":33}},"loc":{"start":{"line":16,"column":2},"end":{"line":33,"column":1}},"line":16},"1":{"name":"createSignature","decl":{"start":{"line":35,"column":16},"end":{"line":35,"column":31}},"loc":{"start":{"line":40,"column":2},"end":{"line":50,"column":1}},"line":40},"2":{"name":"removeEmptyProperties","decl":{"start":{"line":52,"column":16},"end":{"line":52,"column":37}},"loc":{"start":{"line":52,"column":47},"end":{"line":71,"column":1}},"line":52},"3":{"name":"(anonymous_3)","decl":{"start":{"line":65,"column":13},"end":{"line":65,"column":14}},"loc":{"start":{"line":65,"column":20},"end":{"line":69,"column":5}},"line":65}},"branchMap":{"0":{"loc":{"start":{"line":19,"column":12},"end":{"line":19,"column":35}},"type":"binary-expr","locations":[{"start":{"line":19,"column":12},"end":{"line":19,"column":29}},{"start":{"line":19,"column":33},"end":{"line":19,"column":35}}],"line":19},"1":{"loc":{"start":{"line":53,"column":2},"end":{"line":55,"column":3}},"type":"if","locations":[{"start":{"line":53,"column":2},"end":{"line":55,"column":3}},{"start":{"line":53,"column":2},"end":{"line":55,"column":3}}],"line":53},"2":{"loc":{"start":{"line":58,"column":2},"end":{"line":60,"column":3}},"type":"if","locations":[{"start":{"line":58,"column":2},"end":{"line":60,"column":3}},{"start":{"line":58,"column":2},"end":{"line":60,"column":3}}],"line":58},"3":{"loc":{"start":{"line":66,"column":6},"end":{"line":66,"column":67}},"type":"if","locations":[{"start":{"line":66,"column":6},"end":{"line":66,"column":67}},{"start":{"line":66,"column":6},"end":{"line":66,"column":67}}],"line":66},"4":{"loc":{"start":{"line":66,"column":10},"end":{"line":66,"column":59}},"type":"binary-expr","locations":[{"start":{"line":66,"column":10},"end":{"line":66,"column":35}},{"start":{"line":66,"column":39},"end":{"line":66,"column":59}}],"line":66}},"s":{"0":2,"1":2,"2":2,"3":64,"4":12,"5":52,"6":31,"7":21,"8":21,"9":52,"10":3,"11":49,"12":21},"f":{"0":2,"1":2,"2":64,"3":52},"b":{"0":[2,0],"1":[12,52],"2":[31,21],"3":[3,49],"4":[52,50]},"_coverageSchema":"43e27e138ebf9cfc5966b082cf9a028302ed4184","hash":"e12ba6956637dc4aea7761830684cd89cfe58287"}
}
