TN:
SF:/home/usman/go/src/github.com/color/color-api/src/signature.js
FN:13,createSignMessage
FN:35,createSignature
FN:52,removeEmptyProperties
FN:65,(anonymous_3)
FNF:4
FNH:4
FNDA:2,createSignMessage
FNDA:2,createSignature
FNDA:64,removeEmptyProperties
FNDA:52,(anonymous_3)
DA:18,2
DA:23,2
DA:41,2
DA:53,64
DA:54,12
DA:58,52
DA:59,31
DA:62,21
DA:63,21
DA:66,52
DA:68,49
DA:70,21
LF:12
LH:12
BRDA:19,0,0,2
BRDA:19,0,1,0
BRDA:53,1,0,12
BRDA:53,1,1,52
BRDA:58,2,0,31
BRDA:58,2,1,21
BRDA:66,3,0,3
BRDA:66,3,1,49
BRDA:66,4,0,52
BRDA:66,4,1,50
BRF:10
BRH:9
end_of_record
